<?xml version="1.0" encoding="UTF-8"?>
<!-- Generated by org.testng.reporters.JUnitXMLReporter -->
<testsuite hostname="INUH101955" ignored="0" name="HelloFresh_Positive_Tests" tests="3" failures="0" timestamp="2020-03-10T18:23:38 IST" time="7.161" errors="0">
  <testcase name="TC01_GET_GetAllBookingsTest" time="2.866" classname="com.hellofresh.test.DriverTest"/>
  <testcase name="TC02_GET_RetrieveBookingById" time="0.897" classname="com.hellofresh.test.DriverTest"/>
  <testcase name="TC03_POST_CreateBooking" time="2.049" classname="com.hellofresh.test.DriverTest"/>
</testsuite> <!-- HelloFresh_Positive_Tests -->
