<?xml version="1.0" encoding="UTF-8"?>
<!-- Generated by org.testng.reporters.JUnitXMLReporter -->
<testsuite hostname="INUH101955" ignored="0" name="HelloFresh_Negative_Tests" tests="6" failures="0" timestamp="2020-03-10T18:23:45 IST" time="6.567" errors="0">
  <testcase name="TC05_POST_CreateBookinDuplicateForSameDate" time="1.758" classname="com.hellofresh.test.NegativeTest"/>
  <testcase name="TC06_GET_IncorrectUriTest" time="0.967" classname="com.hellofresh.test.NegativeTest"/>
  <testcase name="TC07_POST_CheckinDateGreaterThanCheckoutDate" time="0.784" classname="com.hellofresh.test.NegativeTest"/>
  <testcase name="TC08_POST_CreateBookingWithMissingData" time="0.915" classname="com.hellofresh.test.NegativeTest"/>
  <testcase name="TC08_POST_CreateBookingWithMissingData" time="0.953" classname="com.hellofresh.test.NegativeTest"/>
  <testcase name="TC08_POST_CreateBookingWithMissingData" time="0.959" classname="com.hellofresh.test.NegativeTest"/>
</testsuite> <!-- HelloFresh_Negative_Tests -->
