<?xml version="1.0" encoding="UTF-8"?>
<!-- Generated by org.testng.reporters.JUnitXMLReporter -->
<testsuite hostname="INUH101955" ignored="0" name="HelloFresh-API-Project" tests="3" failures="0" timestamp="2020-03-08T21:27:05 IST" time="5.175" errors="0">
  <testcase name="Test_that_at_least_1_existing_bookings_are_returned_in_the_response" time="2.371" classname="com.hellofresh.test.DriverTest"/>
  <testcase name="test_that_the_data_returned_for_an_existing_booking_matches" time="0.93" classname="com.hellofresh.test.DriverTest"/>
  <testcase name="test_that_bookings_can_be_created" time="1.756" classname="com.hellofresh.test.DriverTest"/>
</testsuite> <!-- HelloFresh-API-Project -->
