<?xml version="1.0" encoding="UTF-8"?>
<testng-results skipped="0" failed="0" ignored="0" total="9" passed="9">
  <reporter-output>
  </reporter-output>
  <suite name="HelloFresh_API_TestSuite" duration-ms="13763" started-at="2020-03-10T18:23:31 IST" finished-at="2020-03-10T18:23:45 IST">
    <groups>
    </groups>
    <test name="HelloFresh_Positive_Tests" duration-ms="7161" started-at="2020-03-10T18:23:31 IST" finished-at="2020-03-10T18:23:38 IST">
      <class name="com.hellofresh.test.DriverTest">
        <test-method status="PASS" signature="setup()[pri:0, instance:com.hellofresh.test.DriverTest@530612ba]" name="setup" is-config="true" duration-ms="28" started-at="2020-03-10T18:23:31 IST" finished-at="2020-03-10T18:23:31 IST">
          <reporter-output>
          </reporter-output>
        </test-method> <!-- setup -->
        <test-method status="PASS" signature="beforeMethod(org.testng.ITestResult)[pri:0, instance:com.hellofresh.test.DriverTest@530612ba]" name="beforeMethod" is-config="true" duration-ms="3" started-at="2020-03-10T18:23:31 IST" finished-at="2020-03-10T18:23:31 IST">
          <params>
            <param index="0">
              <value>
                <![CDATA[[TestResult name={null} status=CREATED method=DriverTest.TC01_GET_GetAllBookingsTest()[pri:0, instance:com.hellofresh.test.DriverTest@530612ba] output={null}]]]>
              </value>
            </param>
          </params>
          <reporter-output>
          </reporter-output>
        </test-method> <!-- beforeMethod -->
        <test-method status="PASS" signature="TC01_GET_GetAllBookingsTest()[pri:0, instance:com.hellofresh.test.DriverTest@530612ba]" name="TC01_GET_GetAllBookingsTest" duration-ms="2866" started-at="2020-03-10T18:23:31 IST" description="Test that at least 1 existing booking is returned in the response" finished-at="2020-03-10T18:23:34 IST">
          <reporter-output>
          </reporter-output>
        </test-method> <!-- TC01_GET_GetAllBookingsTest -->
        <test-method status="PASS" signature="afterMethod(org.testng.ITestResult)[pri:0, instance:com.hellofresh.test.DriverTest@530612ba]" name="afterMethod" is-config="true" duration-ms="4" started-at="2020-03-10T18:23:34 IST" finished-at="2020-03-10T18:23:34 IST">
          <params>
            <param index="0">
              <value>
                <![CDATA[[TestResult name=TC01_GET_GetAllBookingsTest status=SUCCESS method=DriverTest.TC01_GET_GetAllBookingsTest()[pri:0, instance:com.hellofresh.test.DriverTest@530612ba] output={null}]]]>
              </value>
            </param>
          </params>
          <reporter-output>
          </reporter-output>
        </test-method> <!-- afterMethod -->
        <test-method status="PASS" signature="beforeMethod(org.testng.ITestResult)[pri:0, instance:com.hellofresh.test.DriverTest@530612ba]" name="beforeMethod" is-config="true" duration-ms="2" started-at="2020-03-10T18:23:34 IST" finished-at="2020-03-10T18:23:34 IST">
          <params>
            <param index="0">
              <value>
                <![CDATA[[TestResult name={null} status=CREATED method=DriverTest.TC02_GET_RetrieveBookingById()[pri:1, instance:com.hellofresh.test.DriverTest@530612ba] output={null}]]]>
              </value>
            </param>
          </params>
          <reporter-output>
          </reporter-output>
        </test-method> <!-- beforeMethod -->
        <test-method status="PASS" signature="TC02_GET_RetrieveBookingById()[pri:1, instance:com.hellofresh.test.DriverTest@530612ba]" name="TC02_GET_RetrieveBookingById" duration-ms="897" started-at="2020-03-10T18:23:34 IST" description="Test that the data returned for an existing booking matches" finished-at="2020-03-10T18:23:35 IST">
          <reporter-output>
          </reporter-output>
        </test-method> <!-- TC02_GET_RetrieveBookingById -->
        <test-method status="PASS" signature="afterMethod(org.testng.ITestResult)[pri:0, instance:com.hellofresh.test.DriverTest@530612ba]" name="afterMethod" is-config="true" duration-ms="3" started-at="2020-03-10T18:23:35 IST" finished-at="2020-03-10T18:23:35 IST">
          <params>
            <param index="0">
              <value>
                <![CDATA[[TestResult name=TC02_GET_RetrieveBookingById status=SUCCESS method=DriverTest.TC02_GET_RetrieveBookingById()[pri:1, instance:com.hellofresh.test.DriverTest@530612ba] output={null}]]]>
              </value>
            </param>
          </params>
          <reporter-output>
          </reporter-output>
        </test-method> <!-- afterMethod -->
        <test-method status="PASS" signature="beforeMethod(org.testng.ITestResult)[pri:0, instance:com.hellofresh.test.DriverTest@530612ba]" name="beforeMethod" is-config="true" duration-ms="1" started-at="2020-03-10T18:23:36 IST" finished-at="2020-03-10T18:23:36 IST">
          <params>
            <param index="0">
              <value>
                <![CDATA[[TestResult name={null} status=CREATED method=DriverTest.TC03_POST_CreateBooking(java.util.Map)[pri:2, instance:com.hellofresh.test.DriverTest@530612ba] output={null}]]]>
              </value>
            </param>
          </params>
          <reporter-output>
          </reporter-output>
        </test-method> <!-- beforeMethod -->
        <test-method status="PASS" signature="TC03_POST_CreateBooking(java.util.Map)[pri:2, instance:com.hellofresh.test.DriverTest@530612ba]" name="TC03_POST_CreateBooking" duration-ms="2049" started-at="2020-03-10T18:23:36 IST" data-provider="createNewBooking" finished-at="2020-03-10T18:23:38 IST">
          <params>
            <param index="0">
              <value>
                <![CDATA[{firstname=Jean, checkoutdate=2020-03-19, checkindate=2020-03-18, phone=1.23468E+15, depositpaid=TRUE, email=jean.doe@jeandoe.com, bookingid=101, roomid=2255, lastname=Doe}]]>
              </value>
            </param>
          </params>
          <reporter-output>
          </reporter-output>
        </test-method> <!-- TC03_POST_CreateBooking -->
        <test-method status="PASS" signature="afterMethod(org.testng.ITestResult)[pri:0, instance:com.hellofresh.test.DriverTest@530612ba]" name="afterMethod" is-config="true" duration-ms="3" started-at="2020-03-10T18:23:38 IST" finished-at="2020-03-10T18:23:38 IST">
          <params>
            <param index="0">
              <value>
                <![CDATA[[TestResult name=TC03_POST_CreateBooking status=SUCCESS method=DriverTest.TC03_POST_CreateBooking(java.util.Map)[pri:2, instance:com.hellofresh.test.DriverTest@530612ba] output={null}]]]>
              </value>
            </param>
          </params>
          <reporter-output>
          </reporter-output>
        </test-method> <!-- afterMethod -->
        <test-method status="PASS" signature="teardown()[pri:0, instance:com.hellofresh.test.DriverTest@530612ba]" name="teardown" is-config="true" duration-ms="1" started-at="2020-03-10T18:23:38 IST" finished-at="2020-03-10T18:23:38 IST">
          <reporter-output>
          </reporter-output>
        </test-method> <!-- teardown -->
      </class> <!-- com.hellofresh.test.DriverTest -->
    </test> <!-- HelloFresh_Positive_Tests -->
    <test name="HelloFresh_Negative_Tests" duration-ms="6567" started-at="2020-03-10T18:23:38 IST" finished-at="2020-03-10T18:23:45 IST">
      <class name="com.hellofresh.test.NegativeTest">
        <test-method status="PASS" signature="setup()[pri:0, instance:com.hellofresh.test.NegativeTest@4e41089d]" name="setup" is-config="true" duration-ms="1" started-at="2020-03-10T18:23:38 IST" finished-at="2020-03-10T18:23:38 IST">
          <reporter-output>
          </reporter-output>
        </test-method> <!-- setup -->
        <test-method status="PASS" signature="beforeMethod(org.testng.ITestResult)[pri:0, instance:com.hellofresh.test.NegativeTest@4e41089d]" name="beforeMethod" is-config="true" duration-ms="1" started-at="2020-03-10T18:23:38 IST" finished-at="2020-03-10T18:23:38 IST">
          <params>
            <param index="0">
              <value>
                <![CDATA[[TestResult name={null} status=CREATED method=NegativeTest.TC05_POST_CreateBookinDuplicateForSameDate()[pri:0, instance:com.hellofresh.test.NegativeTest@4e41089d] output={null}]]]>
              </value>
            </param>
          </params>
          <reporter-output>
          </reporter-output>
        </test-method> <!-- beforeMethod -->
        <test-method status="PASS" signature="TC05_POST_CreateBookinDuplicateForSameDate()[pri:0, instance:com.hellofresh.test.NegativeTest@4e41089d]" name="TC05_POST_CreateBookinDuplicateForSameDate" duration-ms="1758" started-at="2020-03-10T18:23:38 IST" description="Create duplicate booking for the same date" finished-at="2020-03-10T18:23:40 IST">
          <reporter-output>
          </reporter-output>
        </test-method> <!-- TC05_POST_CreateBookinDuplicateForSameDate -->
        <test-method status="PASS" signature="afterMethod(org.testng.ITestResult)[pri:0, instance:com.hellofresh.test.NegativeTest@4e41089d]" name="afterMethod" is-config="true" duration-ms="0" started-at="2020-03-10T18:23:40 IST" finished-at="2020-03-10T18:23:40 IST">
          <params>
            <param index="0">
              <value>
                <![CDATA[[TestResult name=TC05_POST_CreateBookinDuplicateForSameDate status=SUCCESS method=NegativeTest.TC05_POST_CreateBookinDuplicateForSameDate()[pri:0, instance:com.hellofresh.test.NegativeTest@4e41089d] output={null}]]]>
              </value>
            </param>
          </params>
          <reporter-output>
          </reporter-output>
        </test-method> <!-- afterMethod -->
        <test-method status="PASS" signature="beforeMethod(org.testng.ITestResult)[pri:0, instance:com.hellofresh.test.NegativeTest@4e41089d]" name="beforeMethod" is-config="true" duration-ms="1" started-at="2020-03-10T18:23:40 IST" finished-at="2020-03-10T18:23:40 IST">
          <params>
            <param index="0">
              <value>
                <![CDATA[[TestResult name={null} status=CREATED method=NegativeTest.TC06_GET_IncorrectUriTest()[pri:0, instance:com.hellofresh.test.NegativeTest@4e41089d] output={null}]]]>
              </value>
            </param>
          </params>
          <reporter-output>
          </reporter-output>
        </test-method> <!-- beforeMethod -->
        <test-method status="PASS" signature="TC06_GET_IncorrectUriTest()[pri:0, instance:com.hellofresh.test.NegativeTest@4e41089d]" name="TC06_GET_IncorrectUriTest" duration-ms="967" started-at="2020-03-10T18:23:40 IST" description="Calling incorrect end-point" finished-at="2020-03-10T18:23:41 IST">
          <reporter-output>
          </reporter-output>
        </test-method> <!-- TC06_GET_IncorrectUriTest -->
        <test-method status="PASS" signature="afterMethod(org.testng.ITestResult)[pri:0, instance:com.hellofresh.test.NegativeTest@4e41089d]" name="afterMethod" is-config="true" duration-ms="2" started-at="2020-03-10T18:23:41 IST" finished-at="2020-03-10T18:23:41 IST">
          <params>
            <param index="0">
              <value>
                <![CDATA[[TestResult name=TC06_GET_IncorrectUriTest status=SUCCESS method=NegativeTest.TC06_GET_IncorrectUriTest()[pri:0, instance:com.hellofresh.test.NegativeTest@4e41089d] output={null}]]]>
              </value>
            </param>
          </params>
          <reporter-output>
          </reporter-output>
        </test-method> <!-- afterMethod -->
        <test-method status="PASS" signature="beforeMethod(org.testng.ITestResult)[pri:0, instance:com.hellofresh.test.NegativeTest@4e41089d]" name="beforeMethod" is-config="true" duration-ms="1" started-at="2020-03-10T18:23:41 IST" finished-at="2020-03-10T18:23:41 IST">
          <params>
            <param index="0">
              <value>
                <![CDATA[[TestResult name={null} status=CREATED method=NegativeTest.TC07_POST_CheckinDateGreaterThanCheckoutDate()[pri:0, instance:com.hellofresh.test.NegativeTest@4e41089d] output={null}]]]>
              </value>
            </param>
          </params>
          <reporter-output>
          </reporter-output>
        </test-method> <!-- beforeMethod -->
        <test-method status="PASS" signature="TC07_POST_CheckinDateGreaterThanCheckoutDate()[pri:0, instance:com.hellofresh.test.NegativeTest@4e41089d]" name="TC07_POST_CheckinDateGreaterThanCheckoutDate" duration-ms="784" started-at="2020-03-10T18:23:41 IST" description="Create booking when check-in date is greater than check-out date" finished-at="2020-03-10T18:23:42 IST">
          <reporter-output>
          </reporter-output>
        </test-method> <!-- TC07_POST_CheckinDateGreaterThanCheckoutDate -->
        <test-method status="PASS" signature="afterMethod(org.testng.ITestResult)[pri:0, instance:com.hellofresh.test.NegativeTest@4e41089d]" name="afterMethod" is-config="true" duration-ms="1" started-at="2020-03-10T18:23:42 IST" finished-at="2020-03-10T18:23:42 IST">
          <params>
            <param index="0">
              <value>
                <![CDATA[[TestResult name=TC07_POST_CheckinDateGreaterThanCheckoutDate status=SUCCESS method=NegativeTest.TC07_POST_CheckinDateGreaterThanCheckoutDate()[pri:0, instance:com.hellofresh.test.NegativeTest@4e41089d] output={null}]]]>
              </value>
            </param>
          </params>
          <reporter-output>
          </reporter-output>
        </test-method> <!-- afterMethod -->
        <test-method status="PASS" signature="beforeMethod(org.testng.ITestResult)[pri:0, instance:com.hellofresh.test.NegativeTest@4e41089d]" name="beforeMethod" is-config="true" duration-ms="1" started-at="2020-03-10T18:23:42 IST" finished-at="2020-03-10T18:23:42 IST">
          <params>
            <param index="0">
              <value>
                <![CDATA[[TestResult name={null} status=CREATED method=NegativeTest.TC08_POST_CreateBookingWithMissingData(java.util.Map)[pri:2, instance:com.hellofresh.test.NegativeTest@4e41089d] output={null}]]]>
              </value>
            </param>
          </params>
          <reporter-output>
          </reporter-output>
        </test-method> <!-- beforeMethod -->
        <test-method status="PASS" signature="TC08_POST_CreateBookingWithMissingData(java.util.Map)[pri:2, instance:com.hellofresh.test.NegativeTest@4e41089d]" name="TC08_POST_CreateBookingWithMissingData" duration-ms="915" started-at="2020-03-10T18:23:42 IST" data-provider="createIncorrectBooking" finished-at="2020-03-10T18:23:43 IST">
          <params>
            <param index="0">
              <value>
                <![CDATA[{firstname=, checkoutdate=2020-03-19, TC_Name=FirstName_Missing, checkindate=2020-03-18, phone=1.23468E+15, depositpaid=TRUE, email=jean.doe@jeandoe.com, bookingid=201, roomid=2255, lastname=Doe}]]>
              </value>
            </param>
          </params>
          <reporter-output>
          </reporter-output>
        </test-method> <!-- TC08_POST_CreateBookingWithMissingData -->
        <test-method status="PASS" signature="afterMethod(org.testng.ITestResult)[pri:0, instance:com.hellofresh.test.NegativeTest@4e41089d]" name="afterMethod" is-config="true" duration-ms="1" started-at="2020-03-10T18:23:43 IST" finished-at="2020-03-10T18:23:43 IST">
          <params>
            <param index="0">
              <value>
                <![CDATA[[TestResult name=TC08_POST_CreateBookingWithMissingData status=SUCCESS method=NegativeTest.TC08_POST_CreateBookingWithMissingData(java.util.Map)[pri:2, instance:com.hellofresh.test.NegativeTest@4e41089d] output={null}]]]>
              </value>
            </param>
          </params>
          <reporter-output>
          </reporter-output>
        </test-method> <!-- afterMethod -->
        <test-method status="PASS" signature="beforeMethod(org.testng.ITestResult)[pri:0, instance:com.hellofresh.test.NegativeTest@4e41089d]" name="beforeMethod" is-config="true" duration-ms="1" started-at="2020-03-10T18:23:43 IST" finished-at="2020-03-10T18:23:43 IST">
          <params>
            <param index="0">
              <value>
                <![CDATA[[TestResult name={null} status=CREATED method=NegativeTest.TC08_POST_CreateBookingWithMissingData(java.util.Map)[pri:2, instance:com.hellofresh.test.NegativeTest@4e41089d] output={null}]]]>
              </value>
            </param>
          </params>
          <reporter-output>
          </reporter-output>
        </test-method> <!-- beforeMethod -->
        <test-method status="PASS" signature="TC08_POST_CreateBookingWithMissingData(java.util.Map)[pri:2, instance:com.hellofresh.test.NegativeTest@4e41089d]" name="TC08_POST_CreateBookingWithMissingData" duration-ms="953" started-at="2020-03-10T18:23:43 IST" data-provider="createIncorrectBooking" finished-at="2020-03-10T18:23:44 IST">
          <params>
            <param index="0">
              <value>
                <![CDATA[{firstname=Jean, checkoutdate=2020-03-19, TC_Name=Email_Incorrect_Format, checkindate=2020-03-18, phone=1.23468E+15, depositpaid=TRUE, email=efev!223, bookingid=203, roomid=2255, lastname=Doe}]]>
              </value>
            </param>
          </params>
          <reporter-output>
          </reporter-output>
        </test-method> <!-- TC08_POST_CreateBookingWithMissingData -->
        <test-method status="PASS" signature="afterMethod(org.testng.ITestResult)[pri:0, instance:com.hellofresh.test.NegativeTest@4e41089d]" name="afterMethod" is-config="true" duration-ms="1" started-at="2020-03-10T18:23:44 IST" finished-at="2020-03-10T18:23:44 IST">
          <params>
            <param index="0">
              <value>
                <![CDATA[[TestResult name=TC08_POST_CreateBookingWithMissingData status=SUCCESS method=NegativeTest.TC08_POST_CreateBookingWithMissingData(java.util.Map)[pri:2, instance:com.hellofresh.test.NegativeTest@4e41089d] output={null}]]]>
              </value>
            </param>
          </params>
          <reporter-output>
          </reporter-output>
        </test-method> <!-- afterMethod -->
        <test-method status="PASS" signature="beforeMethod(org.testng.ITestResult)[pri:0, instance:com.hellofresh.test.NegativeTest@4e41089d]" name="beforeMethod" is-config="true" duration-ms="1" started-at="2020-03-10T18:23:44 IST" finished-at="2020-03-10T18:23:44 IST">
          <params>
            <param index="0">
              <value>
                <![CDATA[[TestResult name={null} status=CREATED method=NegativeTest.TC08_POST_CreateBookingWithMissingData(java.util.Map)[pri:2, instance:com.hellofresh.test.NegativeTest@4e41089d] output={null}]]]>
              </value>
            </param>
          </params>
          <reporter-output>
          </reporter-output>
        </test-method> <!-- beforeMethod -->
        <test-method status="PASS" signature="TC08_POST_CreateBookingWithMissingData(java.util.Map)[pri:2, instance:com.hellofresh.test.NegativeTest@4e41089d]" name="TC08_POST_CreateBookingWithMissingData" duration-ms="959" started-at="2020-03-10T18:23:44 IST" data-provider="createIncorrectBooking" finished-at="2020-03-10T18:23:45 IST">
          <params>
            <param index="0">
              <value>
                <![CDATA[{firstname=Jean, checkoutdate=2020-03-19, TC_Name=RoomId_Zero, checkindate=2020-03-18, phone=1.23468E+15, depositpaid=TRUE, email=jean.doe@jeandoe.com, bookingid=205, roomid=0, lastname=Doe}]]>
              </value>
            </param>
          </params>
          <reporter-output>
          </reporter-output>
        </test-method> <!-- TC08_POST_CreateBookingWithMissingData -->
        <test-method status="PASS" signature="afterMethod(org.testng.ITestResult)[pri:0, instance:com.hellofresh.test.NegativeTest@4e41089d]" name="afterMethod" is-config="true" duration-ms="1" started-at="2020-03-10T18:23:45 IST" finished-at="2020-03-10T18:23:45 IST">
          <params>
            <param index="0">
              <value>
                <![CDATA[[TestResult name=TC08_POST_CreateBookingWithMissingData status=SUCCESS method=NegativeTest.TC08_POST_CreateBookingWithMissingData(java.util.Map)[pri:2, instance:com.hellofresh.test.NegativeTest@4e41089d] output={null}]]]>
              </value>
            </param>
          </params>
          <reporter-output>
          </reporter-output>
        </test-method> <!-- afterMethod -->
        <test-method status="PASS" signature="teardown()[pri:0, instance:com.hellofresh.test.NegativeTest@4e41089d]" name="teardown" is-config="true" duration-ms="1" started-at="2020-03-10T18:23:45 IST" finished-at="2020-03-10T18:23:45 IST">
          <reporter-output>
          </reporter-output>
        </test-method> <!-- teardown -->
      </class> <!-- com.hellofresh.test.NegativeTest -->
    </test> <!-- HelloFresh_Negative_Tests -->
  </suite> <!-- HelloFresh_API_TestSuite -->
</testng-results>
