<?xml version="1.0" encoding="UTF-8"?>
<testng-results skipped="0" failed="2" ignored="0" total="9" passed="7">
  <reporter-output>
  </reporter-output>
  <suite name="HelloFresh_API_TestSuite" duration-ms="10656" started-at="2020-03-10T18:02:59 IST" finished-at="2020-03-10T18:03:09 IST">
    <groups>
    </groups>
    <test name="HelloFresh_Positive_Tests" duration-ms="5089" started-at="2020-03-10T18:02:59 IST" finished-at="2020-03-10T18:03:04 IST">
      <class name="com.hellofresh.test.DriverTest">
        <test-method status="PASS" signature="setup()[pri:0, instance:com.hellofresh.test.DriverTest@530612ba]" name="setup" is-config="true" duration-ms="25" started-at="2020-03-10T18:02:59 IST" finished-at="2020-03-10T18:02:59 IST">
          <reporter-output>
          </reporter-output>
        </test-method> <!-- setup -->
        <test-method status="PASS" signature="beforeMethod(org.testng.ITestResult)[pri:0, instance:com.hellofresh.test.DriverTest@530612ba]" name="beforeMethod" is-config="true" duration-ms="3" started-at="2020-03-10T18:02:59 IST" finished-at="2020-03-10T18:02:59 IST">
          <params>
            <param index="0">
              <value>
                <![CDATA[[TestResult name={null} status=CREATED method=DriverTest.TC01_GET_GetAllBookingsTest()[pri:0, instance:com.hellofresh.test.DriverTest@530612ba] output={null}]]]>
              </value>
            </param>
          </params>
          <reporter-output>
          </reporter-output>
        </test-method> <!-- beforeMethod -->
        <test-method status="PASS" signature="TC01_GET_GetAllBookingsTest()[pri:0, instance:com.hellofresh.test.DriverTest@530612ba]" name="TC01_GET_GetAllBookingsTest" duration-ms="2002" started-at="2020-03-10T18:02:59 IST" description="Test that at least 1 existing booking is returned in the response" finished-at="2020-03-10T18:03:01 IST">
          <reporter-output>
          </reporter-output>
        </test-method> <!-- TC01_GET_GetAllBookingsTest -->
        <test-method status="PASS" signature="afterMethod(org.testng.ITestResult)[pri:0, instance:com.hellofresh.test.DriverTest@530612ba]" name="afterMethod" is-config="true" duration-ms="3" started-at="2020-03-10T18:03:01 IST" finished-at="2020-03-10T18:03:01 IST">
          <params>
            <param index="0">
              <value>
                <![CDATA[[TestResult name=TC01_GET_GetAllBookingsTest status=SUCCESS method=DriverTest.TC01_GET_GetAllBookingsTest()[pri:0, instance:com.hellofresh.test.DriverTest@530612ba] output={null}]]]>
              </value>
            </param>
          </params>
          <reporter-output>
          </reporter-output>
        </test-method> <!-- afterMethod -->
        <test-method status="PASS" signature="beforeMethod(org.testng.ITestResult)[pri:0, instance:com.hellofresh.test.DriverTest@530612ba]" name="beforeMethod" is-config="true" duration-ms="2" started-at="2020-03-10T18:03:01 IST" finished-at="2020-03-10T18:03:01 IST">
          <params>
            <param index="0">
              <value>
                <![CDATA[[TestResult name={null} status=CREATED method=DriverTest.TC02_GET_RetrieveBookingById()[pri:1, instance:com.hellofresh.test.DriverTest@530612ba] output={null}]]]>
              </value>
            </param>
          </params>
          <reporter-output>
          </reporter-output>
        </test-method> <!-- beforeMethod -->
        <test-method status="PASS" signature="TC02_GET_RetrieveBookingById()[pri:1, instance:com.hellofresh.test.DriverTest@530612ba]" name="TC02_GET_RetrieveBookingById" duration-ms="917" started-at="2020-03-10T18:03:01 IST" description="Test that the data returned for an existing booking matches" finished-at="2020-03-10T18:03:02 IST">
          <reporter-output>
          </reporter-output>
        </test-method> <!-- TC02_GET_RetrieveBookingById -->
        <test-method status="PASS" signature="afterMethod(org.testng.ITestResult)[pri:0, instance:com.hellofresh.test.DriverTest@530612ba]" name="afterMethod" is-config="true" duration-ms="3" started-at="2020-03-10T18:03:02 IST" finished-at="2020-03-10T18:03:02 IST">
          <params>
            <param index="0">
              <value>
                <![CDATA[[TestResult name=TC02_GET_RetrieveBookingById status=SUCCESS method=DriverTest.TC02_GET_RetrieveBookingById()[pri:1, instance:com.hellofresh.test.DriverTest@530612ba] output={null}]]]>
              </value>
            </param>
          </params>
          <reporter-output>
          </reporter-output>
        </test-method> <!-- afterMethod -->
        <test-method status="PASS" signature="beforeMethod(org.testng.ITestResult)[pri:0, instance:com.hellofresh.test.DriverTest@530612ba]" name="beforeMethod" is-config="true" duration-ms="1" started-at="2020-03-10T18:03:03 IST" finished-at="2020-03-10T18:03:03 IST">
          <params>
            <param index="0">
              <value>
                <![CDATA[[TestResult name={null} status=CREATED method=DriverTest.TC03_POST_CreateBooking(java.util.Map)[pri:2, instance:com.hellofresh.test.DriverTest@530612ba] output={null}]]]>
              </value>
            </param>
          </params>
          <reporter-output>
          </reporter-output>
        </test-method> <!-- beforeMethod -->
        <test-method status="FAIL" signature="TC03_POST_CreateBooking(java.util.Map)[pri:2, instance:com.hellofresh.test.DriverTest@530612ba]" name="TC03_POST_CreateBooking" duration-ms="900" started-at="2020-03-10T18:03:03 IST" data-provider="createNewBooking" finished-at="2020-03-10T18:03:04 IST">
          <params>
            <param index="0">
              <value>
                <![CDATA[{firstname=Jean, checkoutdate=2020-03-19, checkindate=2020-03-18, phone=1.23468E+15, depositpaid=TRUE, email=jean.doe@jeandoe.com, bookingid=101, roomid=2255, lastname=Doe}]]>
              </value>
            </param>
          </params>
          <exception class="com.hellofresh.utils.TestFailureException">
            <message>
              <![CDATA[Test step failed..]]>
            </message>
            <full-stacktrace>
              <![CDATA[com.hellofresh.utils.TestFailureException: Test step failed..
at com.hellofresh.utils.LoggerUtils.fail(LoggerUtils.java:124)
at com.hellofresh.utils.TestUtils.checkStatusCode(TestUtils.java:47)
at com.hellofresh.test.DriverTest.TC03_POST_CreateBooking(DriverTest.java:95)
at sun.reflect.NativeMethodAccessorImpl.invoke0(Native Method)
at sun.reflect.NativeMethodAccessorImpl.invoke(Unknown Source)
at sun.reflect.DelegatingMethodAccessorImpl.invoke(Unknown Source)
at java.lang.reflect.Method.invoke(Unknown Source)
at org.testng.internal.MethodInvocationHelper.invokeMethod(MethodInvocationHelper.java:133)
at org.testng.internal.TestInvoker.invokeMethod(TestInvoker.java:584)
at org.testng.internal.TestInvoker.invokeTestMethod(TestInvoker.java:172)
at org.testng.internal.MethodRunner.runInSequence(MethodRunner.java:46)
at org.testng.internal.TestInvoker$MethodInvocationAgent.invoke(TestInvoker.java:804)
at org.testng.internal.TestInvoker.invokeTestMethods(TestInvoker.java:145)
at org.testng.internal.TestMethodWorker.invokeTestMethods(TestMethodWorker.java:146)
at org.testng.internal.TestMethodWorker.run(TestMethodWorker.java:128)
at java.util.ArrayList.forEach(Unknown Source)
at org.testng.TestRunner.privateRun(TestRunner.java:770)
at org.testng.TestRunner.run(TestRunner.java:591)
at org.testng.SuiteRunner.runTest(SuiteRunner.java:402)
at org.testng.SuiteRunner.runSequentially(SuiteRunner.java:396)
at org.testng.SuiteRunner.privateRun(SuiteRunner.java:355)
at org.testng.SuiteRunner.run(SuiteRunner.java:304)
at org.testng.SuiteRunnerWorker.runSuite(SuiteRunnerWorker.java:53)
at org.testng.SuiteRunnerWorker.run(SuiteRunnerWorker.java:96)
at org.testng.TestNG.runSuitesSequentially(TestNG.java:1180)
at org.testng.TestNG.runSuitesLocally(TestNG.java:1102)
at org.testng.TestNG.runSuites(TestNG.java:1032)
at org.testng.TestNG.run(TestNG.java:1000)
at org.testng.remote.AbstractRemoteTestNG.run(AbstractRemoteTestNG.java:115)
at org.testng.remote.RemoteTestNG.initAndRun(RemoteTestNG.java:251)
at org.testng.remote.RemoteTestNG.main(RemoteTestNG.java:77)
]]>
            </full-stacktrace>
          </exception> <!-- com.hellofresh.utils.TestFailureException -->
          <reporter-output>
          </reporter-output>
        </test-method> <!-- TC03_POST_CreateBooking -->
        <test-method status="PASS" signature="afterMethod(org.testng.ITestResult)[pri:0, instance:com.hellofresh.test.DriverTest@530612ba]" name="afterMethod" is-config="true" duration-ms="3" started-at="2020-03-10T18:03:04 IST" finished-at="2020-03-10T18:03:04 IST">
          <params>
            <param index="0">
              <value>
                <![CDATA[[TestResult name=TC03_POST_CreateBooking status=FAILURE method=DriverTest.TC03_POST_CreateBooking(java.util.Map)[pri:2, instance:com.hellofresh.test.DriverTest@530612ba] output={null}]]]>
              </value>
            </param>
          </params>
          <reporter-output>
          </reporter-output>
        </test-method> <!-- afterMethod -->
        <test-method status="PASS" signature="teardown()[pri:0, instance:com.hellofresh.test.DriverTest@530612ba]" name="teardown" is-config="true" duration-ms="0" started-at="2020-03-10T18:03:04 IST" finished-at="2020-03-10T18:03:04 IST">
          <reporter-output>
          </reporter-output>
        </test-method> <!-- teardown -->
      </class> <!-- com.hellofresh.test.DriverTest -->
    </test> <!-- HelloFresh_Positive_Tests -->
    <test name="HelloFresh_Negative_Tests" duration-ms="5516" started-at="2020-03-10T18:03:04 IST" finished-at="2020-03-10T18:03:09 IST">
      <class name="com.hellofresh.test.NegativeTest">
        <test-method status="PASS" signature="setup()[pri:0, instance:com.hellofresh.test.NegativeTest@4e41089d]" name="setup" is-config="true" duration-ms="1" started-at="2020-03-10T18:03:04 IST" finished-at="2020-03-10T18:03:04 IST">
          <reporter-output>
          </reporter-output>
        </test-method> <!-- setup -->
        <test-method status="PASS" signature="beforeMethod(org.testng.ITestResult)[pri:0, instance:com.hellofresh.test.NegativeTest@4e41089d]" name="beforeMethod" is-config="true" duration-ms="1" started-at="2020-03-10T18:03:04 IST" finished-at="2020-03-10T18:03:04 IST">
          <params>
            <param index="0">
              <value>
                <![CDATA[[TestResult name={null} status=CREATED method=NegativeTest.TC05_POST_CreateBookinDuplicateForSameDate()[pri:0, instance:com.hellofresh.test.NegativeTest@4e41089d] output={null}]]]>
              </value>
            </param>
          </params>
          <reporter-output>
          </reporter-output>
        </test-method> <!-- beforeMethod -->
        <test-method status="FAIL" signature="TC05_POST_CreateBookinDuplicateForSameDate()[pri:0, instance:com.hellofresh.test.NegativeTest@4e41089d]" name="TC05_POST_CreateBookinDuplicateForSameDate" duration-ms="779" started-at="2020-03-10T18:03:04 IST" description="Create duplicate booking for the same date" finished-at="2020-03-10T18:03:05 IST">
          <exception class="com.hellofresh.utils.TestFailureException">
            <message>
              <![CDATA[Test step failed..]]>
            </message>
            <full-stacktrace>
              <![CDATA[com.hellofresh.utils.TestFailureException: Test step failed..
at com.hellofresh.utils.LoggerUtils.fail(LoggerUtils.java:124)
at com.hellofresh.utils.TestUtils.checkStatusCode(TestUtils.java:47)
at com.hellofresh.test.NegativeTest.TC05_POST_CreateBookinDuplicateForSameDate(NegativeTest.java:32)
at sun.reflect.NativeMethodAccessorImpl.invoke0(Native Method)
at sun.reflect.NativeMethodAccessorImpl.invoke(Unknown Source)
at sun.reflect.DelegatingMethodAccessorImpl.invoke(Unknown Source)
at java.lang.reflect.Method.invoke(Unknown Source)
at org.testng.internal.MethodInvocationHelper.invokeMethod(MethodInvocationHelper.java:133)
at org.testng.internal.TestInvoker.invokeMethod(TestInvoker.java:584)
at org.testng.internal.TestInvoker.invokeTestMethod(TestInvoker.java:172)
at org.testng.internal.MethodRunner.runInSequence(MethodRunner.java:46)
at org.testng.internal.TestInvoker$MethodInvocationAgent.invoke(TestInvoker.java:804)
at org.testng.internal.TestInvoker.invokeTestMethods(TestInvoker.java:145)
at org.testng.internal.TestMethodWorker.invokeTestMethods(TestMethodWorker.java:146)
at org.testng.internal.TestMethodWorker.run(TestMethodWorker.java:128)
at java.util.ArrayList.forEach(Unknown Source)
at org.testng.TestRunner.privateRun(TestRunner.java:770)
at org.testng.TestRunner.run(TestRunner.java:591)
at org.testng.SuiteRunner.runTest(SuiteRunner.java:402)
at org.testng.SuiteRunner.runSequentially(SuiteRunner.java:396)
at org.testng.SuiteRunner.privateRun(SuiteRunner.java:355)
at org.testng.SuiteRunner.run(SuiteRunner.java:304)
at org.testng.SuiteRunnerWorker.runSuite(SuiteRunnerWorker.java:53)
at org.testng.SuiteRunnerWorker.run(SuiteRunnerWorker.java:96)
at org.testng.TestNG.runSuitesSequentially(TestNG.java:1180)
at org.testng.TestNG.runSuitesLocally(TestNG.java:1102)
at org.testng.TestNG.runSuites(TestNG.java:1032)
at org.testng.TestNG.run(TestNG.java:1000)
at org.testng.remote.AbstractRemoteTestNG.run(AbstractRemoteTestNG.java:115)
at org.testng.remote.RemoteTestNG.initAndRun(RemoteTestNG.java:251)
at org.testng.remote.RemoteTestNG.main(RemoteTestNG.java:77)
]]>
            </full-stacktrace>
          </exception> <!-- com.hellofresh.utils.TestFailureException -->
          <reporter-output>
          </reporter-output>
        </test-method> <!-- TC05_POST_CreateBookinDuplicateForSameDate -->
        <test-method status="PASS" signature="afterMethod(org.testng.ITestResult)[pri:0, instance:com.hellofresh.test.NegativeTest@4e41089d]" name="afterMethod" is-config="true" duration-ms="0" started-at="2020-03-10T18:03:05 IST" finished-at="2020-03-10T18:03:05 IST">
          <params>
            <param index="0">
              <value>
                <![CDATA[[TestResult name=TC05_POST_CreateBookinDuplicateForSameDate status=FAILURE method=NegativeTest.TC05_POST_CreateBookinDuplicateForSameDate()[pri:0, instance:com.hellofresh.test.NegativeTest@4e41089d] output={null}]]]>
              </value>
            </param>
          </params>
          <reporter-output>
          </reporter-output>
        </test-method> <!-- afterMethod -->
        <test-method status="PASS" signature="beforeMethod(org.testng.ITestResult)[pri:0, instance:com.hellofresh.test.NegativeTest@4e41089d]" name="beforeMethod" is-config="true" duration-ms="1" started-at="2020-03-10T18:03:05 IST" finished-at="2020-03-10T18:03:05 IST">
          <params>
            <param index="0">
              <value>
                <![CDATA[[TestResult name={null} status=CREATED method=NegativeTest.TC06_GET_IncorrectUriTest()[pri:0, instance:com.hellofresh.test.NegativeTest@4e41089d] output={null}]]]>
              </value>
            </param>
          </params>
          <reporter-output>
          </reporter-output>
        </test-method> <!-- beforeMethod -->
        <test-method status="PASS" signature="TC06_GET_IncorrectUriTest()[pri:0, instance:com.hellofresh.test.NegativeTest@4e41089d]" name="TC06_GET_IncorrectUriTest" duration-ms="895" started-at="2020-03-10T18:03:05 IST" description="Calling incorrect end-point" finished-at="2020-03-10T18:03:06 IST">
          <reporter-output>
          </reporter-output>
        </test-method> <!-- TC06_GET_IncorrectUriTest -->
        <test-method status="PASS" signature="afterMethod(org.testng.ITestResult)[pri:0, instance:com.hellofresh.test.NegativeTest@4e41089d]" name="afterMethod" is-config="true" duration-ms="1" started-at="2020-03-10T18:03:06 IST" finished-at="2020-03-10T18:03:06 IST">
          <params>
            <param index="0">
              <value>
                <![CDATA[[TestResult name=TC06_GET_IncorrectUriTest status=SUCCESS method=NegativeTest.TC06_GET_IncorrectUriTest()[pri:0, instance:com.hellofresh.test.NegativeTest@4e41089d] output={null}]]]>
              </value>
            </param>
          </params>
          <reporter-output>
          </reporter-output>
        </test-method> <!-- afterMethod -->
        <test-method status="PASS" signature="beforeMethod(org.testng.ITestResult)[pri:0, instance:com.hellofresh.test.NegativeTest@4e41089d]" name="beforeMethod" is-config="true" duration-ms="1" started-at="2020-03-10T18:03:06 IST" finished-at="2020-03-10T18:03:06 IST">
          <params>
            <param index="0">
              <value>
                <![CDATA[[TestResult name={null} status=CREATED method=NegativeTest.TC07_POST_CheckinDateGreaterThanCheckoutDate()[pri:0, instance:com.hellofresh.test.NegativeTest@4e41089d] output={null}]]]>
              </value>
            </param>
          </params>
          <reporter-output>
          </reporter-output>
        </test-method> <!-- beforeMethod -->
        <test-method status="PASS" signature="TC07_POST_CheckinDateGreaterThanCheckoutDate()[pri:0, instance:com.hellofresh.test.NegativeTest@4e41089d]" name="TC07_POST_CheckinDateGreaterThanCheckoutDate" duration-ms="719" started-at="2020-03-10T18:03:06 IST" description="Create booking when check-in date is greater than check-out date" finished-at="2020-03-10T18:03:06 IST">
          <reporter-output>
          </reporter-output>
        </test-method> <!-- TC07_POST_CheckinDateGreaterThanCheckoutDate -->
        <test-method status="PASS" signature="afterMethod(org.testng.ITestResult)[pri:0, instance:com.hellofresh.test.NegativeTest@4e41089d]" name="afterMethod" is-config="true" duration-ms="1" started-at="2020-03-10T18:03:06 IST" finished-at="2020-03-10T18:03:06 IST">
          <params>
            <param index="0">
              <value>
                <![CDATA[[TestResult name=TC07_POST_CheckinDateGreaterThanCheckoutDate status=SUCCESS method=NegativeTest.TC07_POST_CheckinDateGreaterThanCheckoutDate()[pri:0, instance:com.hellofresh.test.NegativeTest@4e41089d] output={null}]]]>
              </value>
            </param>
          </params>
          <reporter-output>
          </reporter-output>
        </test-method> <!-- afterMethod -->
        <test-method status="PASS" signature="beforeMethod(org.testng.ITestResult)[pri:0, instance:com.hellofresh.test.NegativeTest@4e41089d]" name="beforeMethod" is-config="true" duration-ms="1" started-at="2020-03-10T18:03:06 IST" finished-at="2020-03-10T18:03:06 IST">
          <params>
            <param index="0">
              <value>
                <![CDATA[[TestResult name={null} status=CREATED method=NegativeTest.TC08_POST_CreateBookingWithMissingData(java.util.Map)[pri:2, instance:com.hellofresh.test.NegativeTest@4e41089d] output={null}]]]>
              </value>
            </param>
          </params>
          <reporter-output>
          </reporter-output>
        </test-method> <!-- beforeMethod -->
        <test-method status="PASS" signature="TC08_POST_CreateBookingWithMissingData(java.util.Map)[pri:2, instance:com.hellofresh.test.NegativeTest@4e41089d]" name="TC08_POST_CreateBookingWithMissingData" duration-ms="1007" started-at="2020-03-10T18:03:06 IST" data-provider="createIncorrectBooking" finished-at="2020-03-10T18:03:07 IST">
          <params>
            <param index="0">
              <value>
                <![CDATA[{firstname=, checkoutdate=2020-03-19, TC_Name=FirstName_Missing, checkindate=2020-03-18, phone=1.23468E+15, depositpaid=TRUE, email=jean.doe@jeandoe.com, bookingid=201, roomid=2255, lastname=Doe}]]>
              </value>
            </param>
          </params>
          <reporter-output>
          </reporter-output>
        </test-method> <!-- TC08_POST_CreateBookingWithMissingData -->
        <test-method status="PASS" signature="afterMethod(org.testng.ITestResult)[pri:0, instance:com.hellofresh.test.NegativeTest@4e41089d]" name="afterMethod" is-config="true" duration-ms="1" started-at="2020-03-10T18:03:07 IST" finished-at="2020-03-10T18:03:07 IST">
          <params>
            <param index="0">
              <value>
                <![CDATA[[TestResult name=TC08_POST_CreateBookingWithMissingData status=SUCCESS method=NegativeTest.TC08_POST_CreateBookingWithMissingData(java.util.Map)[pri:2, instance:com.hellofresh.test.NegativeTest@4e41089d] output={null}]]]>
              </value>
            </param>
          </params>
          <reporter-output>
          </reporter-output>
        </test-method> <!-- afterMethod -->
        <test-method status="PASS" signature="beforeMethod(org.testng.ITestResult)[pri:0, instance:com.hellofresh.test.NegativeTest@4e41089d]" name="beforeMethod" is-config="true" duration-ms="1" started-at="2020-03-10T18:03:07 IST" finished-at="2020-03-10T18:03:07 IST">
          <params>
            <param index="0">
              <value>
                <![CDATA[[TestResult name={null} status=CREATED method=NegativeTest.TC08_POST_CreateBookingWithMissingData(java.util.Map)[pri:2, instance:com.hellofresh.test.NegativeTest@4e41089d] output={null}]]]>
              </value>
            </param>
          </params>
          <reporter-output>
          </reporter-output>
        </test-method> <!-- beforeMethod -->
        <test-method status="PASS" signature="TC08_POST_CreateBookingWithMissingData(java.util.Map)[pri:2, instance:com.hellofresh.test.NegativeTest@4e41089d]" name="TC08_POST_CreateBookingWithMissingData" duration-ms="953" started-at="2020-03-10T18:03:07 IST" data-provider="createIncorrectBooking" finished-at="2020-03-10T18:03:08 IST">
          <params>
            <param index="0">
              <value>
                <![CDATA[{firstname=Jean, checkoutdate=2020-03-19, TC_Name=Email_Incorrect_Format, checkindate=2020-03-18, phone=1.23468E+15, depositpaid=TRUE, email=efev!223, bookingid=203, roomid=2255, lastname=Doe}]]>
              </value>
            </param>
          </params>
          <reporter-output>
          </reporter-output>
        </test-method> <!-- TC08_POST_CreateBookingWithMissingData -->
        <test-method status="PASS" signature="afterMethod(org.testng.ITestResult)[pri:0, instance:com.hellofresh.test.NegativeTest@4e41089d]" name="afterMethod" is-config="true" duration-ms="1" started-at="2020-03-10T18:03:08 IST" finished-at="2020-03-10T18:03:08 IST">
          <params>
            <param index="0">
              <value>
                <![CDATA[[TestResult name=TC08_POST_CreateBookingWithMissingData status=SUCCESS method=NegativeTest.TC08_POST_CreateBookingWithMissingData(java.util.Map)[pri:2, instance:com.hellofresh.test.NegativeTest@4e41089d] output={null}]]]>
              </value>
            </param>
          </params>
          <reporter-output>
          </reporter-output>
        </test-method> <!-- afterMethod -->
        <test-method status="PASS" signature="beforeMethod(org.testng.ITestResult)[pri:0, instance:com.hellofresh.test.NegativeTest@4e41089d]" name="beforeMethod" is-config="true" duration-ms="0" started-at="2020-03-10T18:03:08 IST" finished-at="2020-03-10T18:03:08 IST">
          <params>
            <param index="0">
              <value>
                <![CDATA[[TestResult name={null} status=CREATED method=NegativeTest.TC08_POST_CreateBookingWithMissingData(java.util.Map)[pri:2, instance:com.hellofresh.test.NegativeTest@4e41089d] output={null}]]]>
              </value>
            </param>
          </params>
          <reporter-output>
          </reporter-output>
        </test-method> <!-- beforeMethod -->
        <test-method status="PASS" signature="TC08_POST_CreateBookingWithMissingData(java.util.Map)[pri:2, instance:com.hellofresh.test.NegativeTest@4e41089d]" name="TC08_POST_CreateBookingWithMissingData" duration-ms="956" started-at="2020-03-10T18:03:08 IST" data-provider="createIncorrectBooking" finished-at="2020-03-10T18:03:09 IST">
          <params>
            <param index="0">
              <value>
                <![CDATA[{firstname=Jean, checkoutdate=2020-03-19, TC_Name=RoomId_Zero, checkindate=2020-03-18, phone=1.23468E+15, depositpaid=TRUE, email=jean.doe@jeandoe.com, bookingid=205, roomid=0, lastname=Doe}]]>
              </value>
            </param>
          </params>
          <reporter-output>
          </reporter-output>
        </test-method> <!-- TC08_POST_CreateBookingWithMissingData -->
        <test-method status="PASS" signature="afterMethod(org.testng.ITestResult)[pri:0, instance:com.hellofresh.test.NegativeTest@4e41089d]" name="afterMethod" is-config="true" duration-ms="1" started-at="2020-03-10T18:03:09 IST" finished-at="2020-03-10T18:03:09 IST">
          <params>
            <param index="0">
              <value>
                <![CDATA[[TestResult name=TC08_POST_CreateBookingWithMissingData status=SUCCESS method=NegativeTest.TC08_POST_CreateBookingWithMissingData(java.util.Map)[pri:2, instance:com.hellofresh.test.NegativeTest@4e41089d] output={null}]]]>
              </value>
            </param>
          </params>
          <reporter-output>
          </reporter-output>
        </test-method> <!-- afterMethod -->
        <test-method status="PASS" signature="teardown()[pri:0, instance:com.hellofresh.test.NegativeTest@4e41089d]" name="teardown" is-config="true" duration-ms="0" started-at="2020-03-10T18:03:09 IST" finished-at="2020-03-10T18:03:09 IST">
          <reporter-output>
          </reporter-output>
        </test-method> <!-- teardown -->
      </class> <!-- com.hellofresh.test.NegativeTest -->
    </test> <!-- HelloFresh_Negative_Tests -->
  </suite> <!-- HelloFresh_API_TestSuite -->
</testng-results>
